2022-12-15 20:34:35,182 DEBUG a.IOManager [main] Welcome to myShop!

2022-12-15 20:34:35,184 DEBUG a.IOManager [main] 
Which console would you like to access?

2022-12-15 20:34:35,185 DEBUG a.IOManager [main] 0. Exit

2022-12-15 20:34:35,194 DEBUG a.IOManager [main] 1. Customer Console

2022-12-15 20:34:35,194 DEBUG a.IOManager [main] 2. Employee Console

2022-12-15 20:34:35,194 DEBUG a.IOManager [main] 3. Admin Console

2022-12-15 20:35:00,825 DEBUG a.IOManager [main] Welcome to myShop!

2022-12-15 20:35:00,827 DEBUG a.IOManager [main] 
Which console would you like to access?

2022-12-15 20:35:00,828 DEBUG a.IOManager [main] 0. Exit

2022-12-15 20:35:00,836 DEBUG a.IOManager [main] 1. Customer Console

2022-12-15 20:35:00,837 DEBUG a.IOManager [main] 2. Employee Console

2022-12-15 20:35:00,837 DEBUG a.IOManager [main] 3. Admin Console

2022-12-15 20:35:03,093 DEBUG a.IOManager [main] 
What would you like to do?

2022-12-15 20:35:03,093 DEBUG a.IOManager [main] 0. Exit

2022-12-15 20:35:03,093 DEBUG a.IOManager [main] 1. Shopping Menu

2022-12-15 20:35:04,324 DEBUG a.IOManager [main] Welcome to myShop!

2022-12-15 20:35:04,325 DEBUG a.IOManager [main] 
Which console would you like to access?

2022-12-15 20:35:04,325 DEBUG a.IOManager [main] 0. Exit

2022-12-15 20:35:04,325 DEBUG a.IOManager [main] 1. Customer Console

2022-12-15 20:35:04,325 DEBUG a.IOManager [main] 2. Employee Console

2022-12-15 20:35:04,325 DEBUG a.IOManager [main] 3. Admin Console

2022-12-15 20:35:04,565 DEBUG a.IOManager [main] 
Goodbye.

2022-12-16 09:37:45,657 ERROR a.IOManager [main] java.io.FileNotFoundException: /Shop/src/main/java/wordcounter/inputTestFile (No such file or directory)
2022-12-16 09:39:04,389 ERROR a.IOManager [main] java.io.FileNotFoundException: app/inputTestFile (No such file or directory)
2022-12-16 09:39:57,233 ERROR a.IOManager [main] java.io.FileNotFoundException: app/inputTestFile (No such file or directory)
2022-12-16 09:41:33,783 ERROR a.IOManager [main] java.io.FileNotFoundException: ./src/main/wordcounter/inputTestFile.txt (No such file or directory)
2022-12-16 09:52:21,247 DEBUG a.IOManager [main] Imported string: word word word


2022-12-16 09:53:36,544 DEBUG a.IOManager [main] Imported string: word word word


2022-12-16 09:53:36,553 DEBUG a.IOManager [main] Output string: [word x 3]

2022-12-16 09:54:24,753 DEBUG a.IOManager [main] Imported string: word word word


2022-12-16 09:54:24,762 DEBUG a.IOManager [main] Output string: [word x 3]

2022-12-16 09:54:58,596 DEBUG a.IOManager [main] Imported string: word word word
hi my name is paul.
[Who}Goes./?There?


2022-12-16 09:54:58,604 DEBUG a.IOManager [main] Output string: [hi, [who}goes./?there?, name, is, my, word x 3, paul.]

2022-12-16 10:08:27,520 DEBUG a.IOManager [main] Imported string: word word word
hi my name is paul.
[Who}Goes./?There?


2022-12-16 10:08:27,531 DEBUG a.IOManager [main] Output string: [hi, [who}goes./?there?, name, is, my, word x 3, paul.]

2022-12-16 11:56:59,582 DEBUG a.IOManager [main] Imported string: word word word
hi my name is paul.
[Who}Goes./?There?


2022-12-16 11:56:59,597 ERROR a.IOManager [main] java.io.IOException: No such file or directory
2022-12-16 12:00:18,183 DEBUG a.IOManager [main] Imported string: word word word
hi my name is paul.
[Who}Goes./?There?


2022-12-16 12:00:18,197 ERROR a.IOManager [main] java.io.IOException: No such file or directory
2022-12-16 12:01:15,050 DEBUG a.IOManager [main] Imported string: word word word
hi my name is paul.
[Who}Goes./?There?


2022-12-16 12:01:15,063 ERROR a.IOManager [main] java.io.IOException: No such file or directory
2022-12-16 12:03:23,739 DEBUG a.IOManager [main] Imported string: word word word
hi my name is paul.
[Who}Goes./?There?


2022-12-16 12:03:23,752 DEBUG a.IOManager [main] Output string: [hi, [who}goes./?there?, name, is, my, word x 3, paul.]

